<?xml version="1.0" encoding="UTF-8"?>
<testng-results skipped="0" failed="0" total="1" passed="1">
  <reporter-output>
  </reporter-output>
  <suite name="Default suite" duration-ms="12395" started-at="2016-08-05T08:01:40Z" finished-at="2016-08-05T08:01:53Z">
    <groups>
    </groups>
    <test name="Default test" duration-ms="12395" started-at="2016-08-05T08:01:40Z" finished-at="2016-08-05T08:01:53Z">
      <class name="com.google.Test6">
        <test-method status="PASS" signature="launchBrowser()[pri:0, instance:com.google.Test6@5403f35f]" name="launchBrowser" is-config="true" duration-ms="4906" started-at="2016-08-05T13:31:40Z" finished-at="2016-08-05T13:31:45Z">
          <reporter-output>
          </reporter-output>
        </test-method> <!-- launchBrowser -->
        <test-method status="PASS" signature="verifyHomePageTitle()[pri:0, instance:com.google.Test6@5403f35f]" name="verifyHomePageTitle" is-config="true" duration-ms="33" started-at="2016-08-05T13:31:45Z" finished-at="2016-08-05T13:31:45Z">
          <reporter-output>
          </reporter-output>
        </test-method> <!-- verifyHomePageTitle -->
        <test-method status="PASS" signature="Login()[pri:1, instance:com.google.Test6@5403f35f]" name="Login" duration-ms="5460" started-at="2016-08-05T13:31:45Z" finished-at="2016-08-05T13:31:51Z">
          <reporter-output>
          </reporter-output>
        </test-method> <!-- Login -->
        <test-method status="PASS" signature="afterMethod()[pri:0, instance:com.google.Test6@5403f35f]" name="afterMethod" is-config="true" duration-ms="1914" started-at="2016-08-05T13:31:51Z" finished-at="2016-08-05T13:31:53Z">
          <reporter-output>
          </reporter-output>
        </test-method> <!-- afterMethod -->
        <test-method status="PASS" signature="afterTest()[pri:0, instance:com.google.Test6@5403f35f]" name="afterTest" is-config="true" duration-ms="37" started-at="2016-08-05T13:31:53Z" finished-at="2016-08-05T13:31:53Z">
          <reporter-output>
          </reporter-output>
        </test-method> <!-- afterTest -->
      </class> <!-- com.google.Test6 -->
    </test> <!-- Default test -->
  </suite> <!-- Default suite -->
</testng-results>
